<?xml version="1.0" encoding="UTF-8"?>
<testng-results ignored="0" total="2" passed="2" failed="0" skipped="0">
  <reporter-output>
  </reporter-output>
  <suite started-at="2025-10-05T12:40:06 IST" name="Suite" finished-at="2025-10-05T12:40:08 IST" duration-ms="2139">
    <groups>
    </groups>
    <test started-at="2025-10-05T12:40:06 IST" name="Test" finished-at="2025-10-05T12:40:08 IST" duration-ms="2139">
      <class name="pckg30_09.GetResponse_Class_2">
        <test-method signature="GetResponse200()[pri:0, instance:pckg30_09.GetResponse_Class_2@5cee5251]" started-at="2025-10-05T12:40:06 IST" name="GetResponse200" finished-at="2025-10-05T12:40:08 IST" duration-ms="1894" status="PASS">
          <reporter-output>
          </reporter-output>
        </test-method> <!-- GetResponse200 -->
      </class> <!-- pckg30_09.GetResponse_Class_2 -->
      <class name="pckg30_09.GetResponse_Class_1">
        <test-method signature="GetResponse200()[pri:0, instance:pckg30_09.GetResponse_Class_1@4690b489]" started-at="2025-10-05T12:40:08 IST" name="GetResponse200" finished-at="2025-10-05T12:40:08 IST" duration-ms="217" status="PASS">
          <reporter-output>
          </reporter-output>
        </test-method> <!-- GetResponse200 -->
      </class> <!-- pckg30_09.GetResponse_Class_1 -->
    </test> <!-- Test -->
  </suite> <!-- Suite -->
</testng-results>
