<?xml version="1.0" encoding="UTF-8"?>
<testng-results ignored="0" total="2" passed="2" failed="0" skipped="0">
  <reporter-output>
  </reporter-output>
  <suite started-at="2025-09-28T23:30:24 IST" name="Suite" finished-at="2025-09-28T23:30:26 IST" duration-ms="2253">
    <groups>
    </groups>
    <test started-at="2025-09-28T23:30:24 IST" name="Test" finished-at="2025-09-28T23:30:26 IST" duration-ms="2253">
      <class name="Pckg6.GetResponce_1">
        <test-method signature="Getresponce200()[pri:0, instance:Pckg6.GetResponce_1@433d61fb]" started-at="2025-09-28T23:30:24 IST" name="Getresponce200" finished-at="2025-09-28T23:30:26 IST" duration-ms="1895" status="PASS">
          <reporter-output>
          </reporter-output>
        </test-method> <!-- Getresponce200 -->
      </class> <!-- Pckg6.GetResponce_1 -->
      <class name="Pckg6.GetResponse_2">
        <test-method signature="Get_Apir_response()[pri:0, instance:Pckg6.GetResponse_2@79b06cab]" started-at="2025-09-28T23:30:26 IST" name="Get_Apir_response" finished-at="2025-09-28T23:30:26 IST" duration-ms="321" status="PASS">
          <reporter-output>
          </reporter-output>
        </test-method> <!-- Get_Apir_response -->
      </class> <!-- Pckg6.GetResponse_2 -->
    </test> <!-- Test -->
  </suite> <!-- Suite -->
</testng-results>
