<?xml version="1.0" encoding="UTF-8"?>
<testng-results ignored="0" total="1" passed="1" failed="0" skipped="0">
  <reporter-output>
  </reporter-output>
  <suite started-at="2025-10-02T07:13:05 IST" name="Default suite" finished-at="2025-10-02T07:13:07 IST" duration-ms="1982">
    <groups>
    </groups>
    <test started-at="2025-10-02T07:13:05 IST" name="Default test" finished-at="2025-10-02T07:13:07 IST" duration-ms="1982">
      <class name="API_Package_02_10_2025.Api_Response_Class_1">
        <test-method signature="GetResponse200()[pri:0, instance:API_Package_02_10_2025.Api_Response_Class_1@661972b0]" started-at="2025-10-02T07:13:05 IST" name="GetResponse200" finished-at="2025-10-02T07:13:07 IST" duration-ms="1942" status="PASS">
          <reporter-output>
          </reporter-output>
        </test-method> <!-- GetResponse200 -->
      </class> <!-- API_Package_02_10_2025.Api_Response_Class_1 -->
    </test> <!-- Default test -->
  </suite> <!-- Default suite -->
</testng-results>
