<?xml version="1.0" encoding="UTF-8"?>
<testng-results ignored="0" total="1" passed="1" failed="0" skipped="0">
  <reporter-output>
  </reporter-output>
  <suite started-at="2025-10-10T22:09:33 IST" name="Default suite" finished-at="2025-10-10T22:09:36 IST" duration-ms="3103">
    <groups>
    </groups>
    <test started-at="2025-10-10T22:09:33 IST" name="Default test" finished-at="2025-10-10T22:09:36 IST" duration-ms="3103">
      <class name="pckg_Response_10_10_2025.Response_4">
        <test-method signature="Get200()[pri:0, instance:pckg_Response_10_10_2025.Response_4@73a1e9a9]" started-at="2025-10-10T22:09:33 IST" name="Get200" finished-at="2025-10-10T22:09:36 IST" duration-ms="3056" status="PASS">
          <reporter-output>
          </reporter-output>
        </test-method> <!-- Get200 -->
      </class> <!-- pckg_Response_10_10_2025.Response_4 -->
    </test> <!-- Default test -->
  </suite> <!-- Default suite -->
</testng-results>
