<?xml version="1.0" encoding="UTF-8"?>
<testng-results ignored="0" total="1" passed="1" failed="0" skipped="0">
  <reporter-output>
  </reporter-output>
  <suite started-at="2025-10-09T14:17:38 IST" name="Default suite" finished-at="2025-10-09T14:17:41 IST" duration-ms="3490">
    <groups>
    </groups>
    <test started-at="2025-10-09T14:17:38 IST" name="Default test" finished-at="2025-10-09T14:17:41 IST" duration-ms="3490">
      <class name="pckg_09_10_2025.Response_3">
        <test-method signature="Get200Response()[pri:0, instance:pckg_09_10_2025.Response_3@73a1e9a9]" started-at="2025-10-09T14:17:38 IST" name="Get200Response" finished-at="2025-10-09T14:17:41 IST" duration-ms="3446" status="PASS">
          <reporter-output>
          </reporter-output>
        </test-method> <!-- Get200Response -->
      </class> <!-- pckg_09_10_2025.Response_3 -->
    </test> <!-- Default test -->
  </suite> <!-- Default suite -->
</testng-results>
