<?xml version="1.0" encoding="UTF-8"?>
<testng-results ignored="0" total="1" passed="1" failed="0" skipped="0">
  <reporter-output>
  </reporter-output>
  <suite started-at="2025-10-10T17:29:12 IST" name="Default suite" finished-at="2025-10-10T17:29:16 IST" duration-ms="3487">
    <groups>
    </groups>
    <test started-at="2025-10-10T17:29:12 IST" name="Default test" finished-at="2025-10-10T17:29:16 IST" duration-ms="3487">
      <class name="pckg_Response_10_10_2025.Response_3">
        <test-method signature="GetResponse200()[pri:0, instance:pckg_Response_10_10_2025.Response_3@73a1e9a9]" started-at="2025-10-10T17:29:12 IST" name="GetResponse200" finished-at="2025-10-10T17:29:16 IST" duration-ms="3435" status="PASS">
          <reporter-output>
          </reporter-output>
        </test-method> <!-- GetResponse200 -->
      </class> <!-- pckg_Response_10_10_2025.Response_3 -->
    </test> <!-- Default test -->
  </suite> <!-- Default suite -->
</testng-results>
