<?xml version="1.0" encoding="UTF-8"?>
<testng-results ignored="0" total="1" passed="1" failed="0" skipped="0">
  <reporter-output>
  </reporter-output>
  <suite started-at="2025-10-09T12:45:52 IST" name="Default suite" finished-at="2025-10-09T12:45:55 IST" duration-ms="3374">
    <groups>
    </groups>
    <test started-at="2025-10-09T12:45:52 IST" name="Default test" finished-at="2025-10-09T12:45:55 IST" duration-ms="3374">
      <class name="pckg_09_10_2025.Response_200">
        <test-method signature="Get200Response()[pri:0, instance:pckg_09_10_2025.Response_200@73a1e9a9]" started-at="2025-10-09T12:45:52 IST" name="Get200Response" finished-at="2025-10-09T12:45:55 IST" duration-ms="3325" status="PASS">
          <reporter-output>
          </reporter-output>
        </test-method> <!-- Get200Response -->
      </class> <!-- pckg_09_10_2025.Response_200 -->
    </test> <!-- Default test -->
  </suite> <!-- Default suite -->
</testng-results>
