<?xml version="1.0" encoding="UTF-8"?>
<testng-results ignored="0" total="1" passed="1" failed="0" skipped="0">
  <reporter-output>
  </reporter-output>
  <suite started-at="2025-10-12T07:10:47 IST" name="Default suite" finished-at="2025-10-12T07:10:50 IST" duration-ms="3021">
    <groups>
    </groups>
    <test started-at="2025-10-12T07:10:47 IST" name="Default test" finished-at="2025-10-12T07:10:50 IST" duration-ms="3021">
      <class name="Response200_12_10_2025.Response200_2">
        <test-method signature="Get200()[pri:0, instance:Response200_12_10_2025.Response200_2@73a1e9a9]" started-at="2025-10-12T07:10:47 IST" name="Get200" finished-at="2025-10-12T07:10:50 IST" duration-ms="2969" status="PASS">
          <reporter-output>
          </reporter-output>
        </test-method> <!-- Get200 -->
      </class> <!-- Response200_12_10_2025.Response200_2 -->
    </test> <!-- Default test -->
  </suite> <!-- Default suite -->
</testng-results>
