<?xml version="1.0" encoding="UTF-8"?>
<testng-results ignored="0" total="1" passed="1" failed="0" skipped="0">
  <reporter-output>
  </reporter-output>
  <suite started-at="2025-10-12T06:56:41 IST" name="Default suite" finished-at="2025-10-12T06:56:44 IST" duration-ms="2881">
    <groups>
    </groups>
    <test started-at="2025-10-12T06:56:41 IST" name="Default test" finished-at="2025-10-12T06:56:44 IST" duration-ms="2881">
      <class name="Response200_12_10_2025.Response_200_1">
        <test-method signature="Response200()[pri:0, instance:Response200_12_10_2025.Response_200_1@73a1e9a9]" started-at="2025-10-12T06:56:41 IST" name="Response200" finished-at="2025-10-12T06:56:44 IST" duration-ms="2835" status="PASS">
          <reporter-output>
          </reporter-output>
        </test-method> <!-- Response200 -->
      </class> <!-- Response200_12_10_2025.Response_200_1 -->
    </test> <!-- Default test -->
  </suite> <!-- Default suite -->
</testng-results>
