<?xml version="1.0" encoding="UTF-8"?>
<testng-results ignored="0" total="1" passed="1" failed="0" skipped="0">
  <reporter-output>
  </reporter-output>
  <suite started-at="2025-09-30T14:17:54 IST" name="Default suite" finished-at="2025-09-30T14:17:57 IST" duration-ms="2628">
    <groups>
    </groups>
    <test started-at="2025-09-30T14:17:54 IST" name="Default test" finished-at="2025-09-30T14:17:57 IST" duration-ms="2628">
      <class name="Pckg_200.JavaClass_200_Response_1">
        <test-method signature="Get200Code()[pri:0, instance:Pckg_200.JavaClass_200_Response_1@661972b0]" started-at="2025-09-30T14:17:54 IST" name="Get200Code" finished-at="2025-09-30T14:17:57 IST" duration-ms="2595" status="PASS">
          <reporter-output>
          </reporter-output>
        </test-method> <!-- Get200Code -->
      </class> <!-- Pckg_200.JavaClass_200_Response_1 -->
    </test> <!-- Default test -->
  </suite> <!-- Default suite -->
</testng-results>
