<?xml version="1.0" encoding="UTF-8"?>
<testng-results ignored="0" total="2" passed="2" failed="0" skipped="0">
  <reporter-output>
  </reporter-output>
  <suite started-at="2025-09-28T18:57:55 IST" name="Suite" finished-at="2025-09-28T18:57:58 IST" duration-ms="2643">
    <groups>
    </groups>
    <test started-at="2025-09-28T18:57:55 IST" name="Test" finished-at="2025-09-28T18:57:58 IST" duration-ms="2643">
      <class name="pckg3.API_3">
        <test-method signature="ResponseCode200()[pri:0, instance:pckg3.API_3@323b36e0]" started-at="2025-09-28T18:57:55 IST" name="ResponseCode200" finished-at="2025-09-28T18:57:57 IST" duration-ms="2017" status="PASS">
          <reporter-output>
          </reporter-output>
        </test-method> <!-- ResponseCode200 -->
      </class> <!-- pckg3.API_3 -->
      <class name="pckg3.API_4">
        <test-method signature="Get200code()[pri:0, instance:pckg3.API_4@4466af20]" started-at="2025-09-28T18:57:57 IST" name="Get200code" finished-at="2025-09-28T18:57:58 IST" duration-ms="590" status="PASS">
          <reporter-output>
          </reporter-output>
        </test-method> <!-- Get200code -->
      </class> <!-- pckg3.API_4 -->
    </test> <!-- Test -->
  </suite> <!-- Suite -->
</testng-results>
