<?xml version="1.0" encoding="UTF-8"?>
<testng-results ignored="0" total="1" passed="1" failed="0" skipped="0">
  <reporter-output>
  </reporter-output>
  <suite started-at="2025-10-01T07:52:50 IST" name="Default suite" finished-at="2025-10-01T07:52:53 IST" duration-ms="2991">
    <groups>
    </groups>
    <test started-at="2025-10-01T07:52:50 IST" name="Default test" finished-at="2025-10-01T07:52:53 IST" duration-ms="2991">
      <class name="pckg_01_10_2025.Get_Response_200_2">
        <test-method signature="GetResponse200()[pri:0, instance:pckg_01_10_2025.Get_Response_200_2@661972b0]" started-at="2025-10-01T07:52:50 IST" name="GetResponse200" finished-at="2025-10-01T07:52:53 IST" duration-ms="2937" status="PASS">
          <reporter-output>
          </reporter-output>
        </test-method> <!-- GetResponse200 -->
      </class> <!-- pckg_01_10_2025.Get_Response_200_2 -->
    </test> <!-- Default test -->
  </suite> <!-- Default suite -->
</testng-results>
