<?xml version="1.0" encoding="UTF-8"?>
<testng-results ignored="0" total="1" passed="1" failed="0" skipped="0">
  <reporter-output>
  </reporter-output>
  <suite started-at="2025-10-02T23:55:07 IST" name="Default suite" finished-at="2025-10-02T23:55:10 IST" duration-ms="2992">
    <groups>
    </groups>
    <test started-at="2025-10-02T23:55:07 IST" name="Default test" finished-at="2025-10-02T23:55:10 IST" duration-ms="2992">
      <class name="pckg_4_200Response.Response_Class_3">
        <test-method signature="Reponse200()[pri:0, instance:pckg_4_200Response.Response_Class_3@661972b0]" started-at="2025-10-02T23:55:07 IST" name="Reponse200" finished-at="2025-10-02T23:55:10 IST" duration-ms="2939" status="PASS">
          <reporter-output>
          </reporter-output>
        </test-method> <!-- Reponse200 -->
      </class> <!-- pckg_4_200Response.Response_Class_3 -->
    </test> <!-- Default test -->
  </suite> <!-- Default suite -->
</testng-results>
