<?xml version="1.0" encoding="UTF-8"?>
<testng-results ignored="0" total="1" passed="1" failed="0" skipped="0">
  <reporter-output>
  </reporter-output>
  <suite started-at="2025-10-05T16:25:08 IST" name="Default suite" finished-at="2025-10-05T16:25:12 IST" duration-ms="3809">
    <groups>
    </groups>
    <test started-at="2025-10-05T16:25:08 IST" name="Default test" finished-at="2025-10-05T16:25:12 IST" duration-ms="3809">
      <class name="Pckg_05_10_2025.Get_Response_3">
        <test-method signature="GetCode()[pri:0, instance:Pckg_05_10_2025.Get_Response_3@661972b0]" started-at="2025-10-05T16:25:08 IST" name="GetCode" finished-at="2025-10-05T16:25:12 IST" duration-ms="3752" status="PASS">
          <reporter-output>
          </reporter-output>
        </test-method> <!-- GetCode -->
      </class> <!-- Pckg_05_10_2025.Get_Response_3 -->
    </test> <!-- Default test -->
  </suite> <!-- Default suite -->
</testng-results>
