<?xml version="1.0" encoding="UTF-8"?>
<testng-results ignored="0" total="1" passed="1" failed="0" skipped="0">
  <reporter-output>
  </reporter-output>
  <suite started-at="2025-10-11T22:43:18 IST" name="Default suite" finished-at="2025-10-11T22:43:20 IST" duration-ms="2133">
    <groups>
    </groups>
    <test started-at="2025-10-11T22:43:18 IST" name="Default test" finished-at="2025-10-11T22:43:20 IST" duration-ms="2133">
      <class name="Package_Response_11_10_2025.Response_3">
        <test-method signature="GetResponse200()[pri:0, instance:Package_Response_11_10_2025.Response_3@73a1e9a9]" started-at="2025-10-11T22:43:18 IST" name="GetResponse200" finished-at="2025-10-11T22:43:20 IST" duration-ms="2099" status="PASS">
          <reporter-output>
          </reporter-output>
        </test-method> <!-- GetResponse200 -->
      </class> <!-- Package_Response_11_10_2025.Response_3 -->
    </test> <!-- Default test -->
  </suite> <!-- Default suite -->
</testng-results>
