<?xml version="1.0" encoding="UTF-8"?>
<testng-results ignored="0" total="1" passed="1" failed="0" skipped="0">
  <reporter-output>
  </reporter-output>
  <suite started-at="2025-10-03T23:36:27 IST" name="Default suite" finished-at="2025-10-03T23:36:31 IST" duration-ms="3064">
    <groups>
    </groups>
    <test started-at="2025-10-03T23:36:27 IST" name="Default test" finished-at="2025-10-03T23:36:31 IST" duration-ms="3064">
      <class name="Response_200">
        <test-method signature="Get200()[pri:0, instance:Response_200@323b36e0]" started-at="2025-10-03T23:36:28 IST" name="Get200" finished-at="2025-10-03T23:36:31 IST" duration-ms="3008" status="PASS">
          <reporter-output>
          </reporter-output>
        </test-method> <!-- Get200 -->
      </class> <!-- Response_200 -->
    </test> <!-- Default test -->
  </suite> <!-- Default suite -->
</testng-results>
