<?xml version="1.0" encoding="UTF-8"?>
<testng-results ignored="0" total="1" passed="1" failed="0" skipped="0">
  <reporter-output>
  </reporter-output>
  <suite started-at="2025-10-01T07:42:00 IST" name="Default suite" finished-at="2025-10-01T07:42:03 IST" duration-ms="3014">
    <groups>
    </groups>
    <test started-at="2025-10-01T07:42:00 IST" name="Default test" finished-at="2025-10-01T07:42:03 IST" duration-ms="3014">
      <class name="pckg_01_10_2025.GetResponse200_1">
        <test-method signature="GetResponse()[pri:0, instance:pckg_01_10_2025.GetResponse200_1@661972b0]" started-at="2025-10-01T07:42:00 IST" name="GetResponse" finished-at="2025-10-01T07:42:03 IST" duration-ms="2953" status="PASS">
          <reporter-output>
          </reporter-output>
        </test-method> <!-- GetResponse -->
      </class> <!-- pckg_01_10_2025.GetResponse200_1 -->
    </test> <!-- Default test -->
  </suite> <!-- Default suite -->
</testng-results>
