<?xml version="1.0" encoding="UTF-8"?>
<testng-results ignored="0" total="1" passed="1" failed="0" skipped="0">
  <reporter-output>
  </reporter-output>
  <suite started-at="2025-10-10T06:55:44 IST" name="Default suite" finished-at="2025-10-10T06:55:47 IST" duration-ms="2995">
    <groups>
    </groups>
    <test started-at="2025-10-10T06:55:44 IST" name="Default test" finished-at="2025-10-10T06:55:47 IST" duration-ms="2995">
      <class name="pckg_Response_10_10_2025.Response_2">
        <test-method signature="Response200()[pri:0, instance:pckg_Response_10_10_2025.Response_2@73a1e9a9]" started-at="2025-10-10T06:55:44 IST" name="Response200" finished-at="2025-10-10T06:55:47 IST" duration-ms="2941" status="PASS">
          <reporter-output>
          </reporter-output>
        </test-method> <!-- Response200 -->
      </class> <!-- pckg_Response_10_10_2025.Response_2 -->
    </test> <!-- Default test -->
  </suite> <!-- Default suite -->
</testng-results>
