<?xml version="1.0" encoding="UTF-8"?>
<testng-results ignored="0" total="1" passed="1" failed="0" skipped="0">
  <reporter-output>
  </reporter-output>
  <suite started-at="2025-09-29T23:50:39 IST" name="Default suite" finished-at="2025-09-29T23:50:41 IST" duration-ms="2565">
    <groups>
    </groups>
    <test started-at="2025-09-29T23:50:39 IST" name="Default test" finished-at="2025-09-29T23:50:41 IST" duration-ms="2565">
      <class name="ApiResponse_5.GetResponse_A">
        <test-method signature="GetresponseA()[pri:0, instance:ApiResponse_5.GetResponse_A@661972b0]" started-at="2025-09-29T23:50:39 IST" name="GetresponseA" finished-at="2025-09-29T23:50:41 IST" duration-ms="2529" status="PASS">
          <reporter-output>
          </reporter-output>
        </test-method> <!-- GetresponseA -->
      </class> <!-- ApiResponse_5.GetResponse_A -->
    </test> <!-- Default test -->
  </suite> <!-- Default suite -->
</testng-results>
