<?xml version="1.0" encoding="UTF-8"?>
<testng-results ignored="0" total="1" passed="1" failed="0" skipped="0">
  <reporter-output>
  </reporter-output>
  <suite started-at="2025-10-09T07:39:03 IST" name="Default suite" finished-at="2025-10-09T07:39:07 IST" duration-ms="3062">
    <groups>
    </groups>
    <test started-at="2025-10-09T07:39:03 IST" name="Default test" finished-at="2025-10-09T07:39:07 IST" duration-ms="3062">
      <class name="pckg_09_10_2025.Class_Response200">
        <test-method signature="Get200()[pri:0, instance:pckg_09_10_2025.Class_Response200@73a1e9a9]" started-at="2025-10-09T07:39:04 IST" name="Get200" finished-at="2025-10-09T07:39:07 IST" duration-ms="3009" status="PASS">
          <reporter-output>
          </reporter-output>
        </test-method> <!-- Get200 -->
      </class> <!-- pckg_09_10_2025.Class_Response200 -->
    </test> <!-- Default test -->
  </suite> <!-- Default suite -->
</testng-results>
