<?xml version="1.0" encoding="UTF-8"?>
<testng-results ignored="0" total="1" passed="1" failed="0" skipped="0">
  <reporter-output>
  </reporter-output>
  <suite started-at="2025-10-03T13:16:36 IST" name="Default suite" finished-at="2025-10-03T13:16:38 IST" duration-ms="1953">
    <groups>
    </groups>
    <test started-at="2025-10-03T13:16:36 IST" name="Default test" finished-at="2025-10-03T13:16:38 IST" duration-ms="1953">
      <class name="Github_Packg.Class_1">
        <test-method signature="Get200Response()[pri:0, instance:Github_Packg.Class_1@661972b0]" started-at="2025-10-03T13:16:36 IST" name="Get200Response" finished-at="2025-10-03T13:16:38 IST" duration-ms="1922" status="PASS">
          <reporter-output>
          </reporter-output>
        </test-method> <!-- Get200Response -->
      </class> <!-- Github_Packg.Class_1 -->
    </test> <!-- Default test -->
  </suite> <!-- Default suite -->
</testng-results>
