<?xml version="1.0" encoding="UTF-8"?>
<testng-results ignored="0" total="1" passed="1" failed="0" skipped="0">
  <reporter-output>
  </reporter-output>
  <suite started-at="2025-10-08T07:33:55 IST" name="Default suite" finished-at="2025-10-08T07:33:58 IST" duration-ms="3141">
    <groups>
    </groups>
    <test started-at="2025-10-08T07:33:55 IST" name="Default test" finished-at="2025-10-08T07:33:58 IST" duration-ms="3141">
      <class name="Pckg_08_10_2025.Response_1">
        <test-method signature="Get200Code()[pri:0, instance:Pckg_08_10_2025.Response_1@73a1e9a9]" started-at="2025-10-08T07:33:55 IST" name="Get200Code" finished-at="2025-10-08T07:33:58 IST" duration-ms="3088" status="PASS">
          <reporter-output>
          </reporter-output>
        </test-method> <!-- Get200Code -->
      </class> <!-- Pckg_08_10_2025.Response_1 -->
    </test> <!-- Default test -->
  </suite> <!-- Default suite -->
</testng-results>
