<?xml version="1.0" encoding="UTF-8"?>
<testng-results ignored="0" total="1" passed="1" failed="0" skipped="0">
  <reporter-output>
  </reporter-output>
  <suite started-at="2025-10-04T08:28:21 IST" name="Default suite" finished-at="2025-10-04T08:28:24 IST" duration-ms="3079">
    <groups>
    </groups>
    <test started-at="2025-10-04T08:28:21 IST" name="Default test" finished-at="2025-10-04T08:28:24 IST" duration-ms="3079">
      <class name="Pckg_04_10_2025.GetResponse200_2">
        <test-method signature="Get200Code()[pri:0, instance:Pckg_04_10_2025.GetResponse200_2@661972b0]" started-at="2025-10-04T08:28:21 IST" name="Get200Code" finished-at="2025-10-04T08:28:24 IST" duration-ms="3025" status="PASS">
          <reporter-output>
          </reporter-output>
        </test-method> <!-- Get200Code -->
      </class> <!-- Pckg_04_10_2025.GetResponse200_2 -->
    </test> <!-- Default test -->
  </suite> <!-- Default suite -->
</testng-results>
