<?xml version="1.0" encoding="UTF-8"?>
<testng-results ignored="0" total="1" passed="1" failed="0" skipped="0">
  <reporter-output>
  </reporter-output>
  <suite started-at="2025-10-05T16:45:59 IST" name="Default suite" finished-at="2025-10-05T16:46:03 IST" duration-ms="3747">
    <groups>
    </groups>
    <test started-at="2025-10-05T16:45:59 IST" name="Default test" finished-at="2025-10-05T16:46:03 IST" duration-ms="3747">
      <class name="Pckg_05_10_2025.GetResponse_4">
        <test-method signature="GetResponse()[pri:0, instance:Pckg_05_10_2025.GetResponse_4@661972b0]" started-at="2025-10-05T16:45:59 IST" name="GetResponse" finished-at="2025-10-05T16:46:03 IST" duration-ms="3692" status="PASS">
          <reporter-output>
          </reporter-output>
        </test-method> <!-- GetResponse -->
      </class> <!-- Pckg_05_10_2025.GetResponse_4 -->
    </test> <!-- Default test -->
  </suite> <!-- Default suite -->
</testng-results>
