<?xml version="1.0" encoding="UTF-8"?>
<testng-results ignored="0" total="1" passed="1" failed="0" skipped="0">
  <reporter-output>
  </reporter-output>
  <suite started-at="2025-09-29T13:01:45 IST" name="Default suite" finished-at="2025-09-29T13:01:48 IST" duration-ms="2971">
    <groups>
    </groups>
    <test started-at="2025-09-29T13:01:45 IST" name="Default test" finished-at="2025-09-29T13:01:48 IST" duration-ms="2971">
      <class name="pckg_29_09_2025_3.Get_Response_2">
        <test-method signature="GetResponse()[pri:0, instance:pckg_29_09_2025_3.Get_Response_2@694abbdc]" started-at="2025-09-29T13:01:45 IST" name="GetResponse" finished-at="2025-09-29T13:01:48 IST" duration-ms="2941" status="PASS">
          <reporter-output>
          </reporter-output>
        </test-method> <!-- GetResponse -->
      </class> <!-- pckg_29_09_2025_3.Get_Response_2 -->
    </test> <!-- Default test -->
  </suite> <!-- Default suite -->
</testng-results>
