<?xml version="1.0" encoding="UTF-8"?>
<testng-results ignored="0" total="1" passed="1" failed="0" skipped="0">
  <reporter-output>
  </reporter-output>
  <suite started-at="2025-10-06T06:53:06 IST" name="Default suite" finished-at="2025-10-06T06:53:10 IST" duration-ms="4050">
    <groups>
    </groups>
    <test started-at="2025-10-06T06:53:06 IST" name="Default test" finished-at="2025-10-06T06:53:10 IST" duration-ms="4050">
      <class name="NewResponse_06_10_2025.GetResponse_1">
        <test-method signature="GetResponse200()[pri:0, instance:NewResponse_06_10_2025.GetResponse_1@73a1e9a9]" started-at="2025-10-06T06:53:06 IST" name="GetResponse200" finished-at="2025-10-06T06:53:10 IST" duration-ms="3996" status="PASS">
          <reporter-output>
          </reporter-output>
        </test-method> <!-- GetResponse200 -->
      </class> <!-- NewResponse_06_10_2025.GetResponse_1 -->
    </test> <!-- Default test -->
  </suite> <!-- Default suite -->
</testng-results>
