<?xml version="1.0" encoding="UTF-8"?>
<testng-results ignored="0" total="1" passed="1" failed="0" skipped="0">
  <reporter-output>
  </reporter-output>
  <suite started-at="2025-10-11T06:55:26 IST" name="Default suite" finished-at="2025-10-11T06:55:29 IST" duration-ms="2963">
    <groups>
    </groups>
    <test started-at="2025-10-11T06:55:26 IST" name="Default test" finished-at="2025-10-11T06:55:29 IST" duration-ms="2963">
      <class name="Package_Response_11_10_2025.Response_1">
        <test-method signature="Response200()[pri:0, instance:Package_Response_11_10_2025.Response_1@73a1e9a9]" started-at="2025-10-11T06:55:26 IST" name="Response200" finished-at="2025-10-11T06:55:29 IST" duration-ms="2916" status="PASS">
          <reporter-output>
          </reporter-output>
        </test-method> <!-- Response200 -->
      </class> <!-- Package_Response_11_10_2025.Response_1 -->
    </test> <!-- Default test -->
  </suite> <!-- Default suite -->
</testng-results>
