<?xml version="1.0" encoding="UTF-8"?>
<testng-results ignored="0" total="1" passed="1" failed="0" skipped="0">
  <reporter-output>
  </reporter-output>
  <suite started-at="2025-10-07T13:26:07 IST" name="Default suite" finished-at="2025-10-07T13:26:10 IST" duration-ms="3082">
    <groups>
    </groups>
    <test started-at="2025-10-07T13:26:07 IST" name="Default test" finished-at="2025-10-07T13:26:10 IST" duration-ms="3082">
      <class name="Packg_07_10_2025.Response_2">
        <test-method signature="Get200Code()[pri:0, instance:Packg_07_10_2025.Response_2@73a1e9a9]" started-at="2025-10-07T13:26:07 IST" name="Get200Code" finished-at="2025-10-07T13:26:10 IST" duration-ms="3036" status="PASS">
          <reporter-output>
          </reporter-output>
        </test-method> <!-- Get200Code -->
      </class> <!-- Packg_07_10_2025.Response_2 -->
    </test> <!-- Default test -->
  </suite> <!-- Default suite -->
</testng-results>
