<?xml version="1.0" encoding="UTF-8"?>
<testng-results ignored="0" total="1" passed="1" failed="0" skipped="0">
  <reporter-output>
  </reporter-output>
  <suite started-at="2025-10-04T08:42:50 IST" name="Default suite" finished-at="2025-10-04T08:42:53 IST" duration-ms="3110">
    <groups>
    </groups>
    <test started-at="2025-10-04T08:42:50 IST" name="Default test" finished-at="2025-10-04T08:42:53 IST" duration-ms="3110">
      <class name="Pckg_04_10_2025.Class_3">
        <test-method signature="GetCode()[pri:0, instance:Pckg_04_10_2025.Class_3@661972b0]" started-at="2025-10-04T08:42:50 IST" name="GetCode" finished-at="2025-10-04T08:42:53 IST" duration-ms="3055" status="PASS">
          <reporter-output>
          </reporter-output>
        </test-method> <!-- GetCode -->
      </class> <!-- Pckg_04_10_2025.Class_3 -->
    </test> <!-- Default test -->
  </suite> <!-- Default suite -->
</testng-results>
