<?xml version="1.0" encoding="UTF-8"?>
<testng-results ignored="0" total="1" passed="1" failed="0" skipped="0">
  <reporter-output>
  </reporter-output>
  <suite started-at="2025-10-13T08:58:36 IST" name="Default suite" finished-at="2025-10-13T08:58:37 IST" duration-ms="1561">
    <groups>
    </groups>
    <test started-at="2025-10-13T08:58:36 IST" name="Default test" finished-at="2025-10-13T08:58:37 IST" duration-ms="1561">
      <class name="Pckg_13_10_2025.response_4">
        <test-method signature="Get200()[pri:0, instance:Pckg_13_10_2025.response_4@34123d65]" started-at="2025-10-13T08:58:36 IST" name="Get200" finished-at="2025-10-13T08:58:37 IST" duration-ms="1533" status="PASS">
          <reporter-output>
          </reporter-output>
        </test-method> <!-- Get200 -->
      </class> <!-- Pckg_13_10_2025.response_4 -->
    </test> <!-- Default test -->
  </suite> <!-- Default suite -->
</testng-results>
