<?xml version="1.0" encoding="UTF-8"?>
<testng-results ignored="0" total="1" passed="1" failed="0" skipped="0">
  <reporter-output>
  </reporter-output>
  <suite started-at="2025-10-01T23:14:05 IST" name="Default suite" finished-at="2025-10-01T23:14:08 IST" duration-ms="3106">
    <groups>
    </groups>
    <test started-at="2025-10-01T23:14:05 IST" name="Default test" finished-at="2025-10-01T23:14:08 IST" duration-ms="3106">
      <class name="Pckg_01_10_2025_2.Response_200_2">
        <test-method signature="Response200()[pri:0, instance:Pckg_01_10_2025_2.Response_200_2@661972b0]" started-at="2025-10-01T23:14:05 IST" name="Response200" finished-at="2025-10-01T23:14:08 IST" duration-ms="3046" status="PASS">
          <reporter-output>
          </reporter-output>
        </test-method> <!-- Response200 -->
      </class> <!-- Pckg_01_10_2025_2.Response_200_2 -->
    </test> <!-- Default test -->
  </suite> <!-- Default suite -->
</testng-results>
