<?xml version="1.0" encoding="UTF-8"?>
<testng-results ignored="0" total="2" passed="2" failed="0" skipped="0">
  <reporter-output>
  </reporter-output>
  <suite started-at="2025-09-28T22:09:40 IST" name="Suite" finished-at="2025-09-28T22:09:43 IST" duration-ms="2604">
    <groups>
    </groups>
    <test started-at="2025-09-28T22:09:40 IST" name="Test" finished-at="2025-09-28T22:09:43 IST" duration-ms="2604">
      <class name="pckg5.Git_2">
        <test-method signature="GitLogin2()[pri:0, instance:pckg5.Git_2@323b36e0]" started-at="2025-09-28T22:09:41 IST" name="GitLogin2" finished-at="2025-09-28T22:09:43 IST" duration-ms="2307" status="PASS">
          <reporter-output>
          </reporter-output>
        </test-method> <!-- GitLogin2 -->
      </class> <!-- pckg5.Git_2 -->
      <class name="pckg5.Git_1">
        <test-method signature="LoginGit()[pri:0, instance:pckg5.Git_1@4466af20]" started-at="2025-09-28T22:09:43 IST" name="LoginGit" finished-at="2025-09-28T22:09:43 IST" duration-ms="242" status="PASS">
          <reporter-output>
          </reporter-output>
        </test-method> <!-- LoginGit -->
      </class> <!-- pckg5.Git_1 -->
    </test> <!-- Test -->
  </suite> <!-- Suite -->
</testng-results>
