<?xml version="1.0" encoding="UTF-8"?>
<testng-results ignored="0" total="1" passed="1" failed="0" skipped="0">
  <reporter-output>
  </reporter-output>
  <suite started-at="2025-10-07T23:42:54 IST" name="Default suite" finished-at="2025-10-07T23:42:57 IST" duration-ms="3219">
    <groups>
    </groups>
    <test started-at="2025-10-07T23:42:54 IST" name="Default test" finished-at="2025-10-07T23:42:57 IST" duration-ms="3219">
      <class name="Packg_07_10_2025.Response_200">
        <test-method signature="Responce200()[pri:0, instance:Packg_07_10_2025.Response_200@73a1e9a9]" started-at="2025-10-07T23:42:54 IST" name="Responce200" finished-at="2025-10-07T23:42:57 IST" duration-ms="3162" status="PASS">
          <reporter-output>
          </reporter-output>
        </test-method> <!-- Responce200 -->
      </class> <!-- Packg_07_10_2025.Response_200 -->
    </test> <!-- Default test -->
  </suite> <!-- Default suite -->
</testng-results>
