<?xml version="1.0" encoding="UTF-8"?>
<testng-results ignored="0" total="1" passed="1" failed="0" skipped="0">
  <reporter-output>
  </reporter-output>
  <suite started-at="2025-10-13T06:48:39 IST" name="Default suite" finished-at="2025-10-13T06:48:42 IST" duration-ms="2456">
    <groups>
    </groups>
    <test started-at="2025-10-13T06:48:39 IST" name="Default test" finished-at="2025-10-13T06:48:42 IST" duration-ms="2456">
      <class name="Pckg_13_10_2025.Response200_1">
        <test-method signature="Response200()[pri:0, instance:Pckg_13_10_2025.Response200_1@73a1e9a9]" started-at="2025-10-13T06:48:39 IST" name="Response200" finished-at="2025-10-13T06:48:42 IST" duration-ms="2414" status="PASS">
          <reporter-output>
          </reporter-output>
        </test-method> <!-- Response200 -->
      </class> <!-- Pckg_13_10_2025.Response200_1 -->
    </test> <!-- Default test -->
  </suite> <!-- Default suite -->
</testng-results>
