<?xml version="1.0" encoding="UTF-8"?>
<testng-results ignored="0" total="1" passed="1" failed="0" skipped="0">
  <reporter-output>
  </reporter-output>
  <suite started-at="2025-10-03T07:19:49 IST" name="Default suite" finished-at="2025-10-03T07:19:52 IST" duration-ms="2953">
    <groups>
    </groups>
    <test started-at="2025-10-03T07:19:49 IST" name="Default test" finished-at="2025-10-03T07:19:52 IST" duration-ms="2953">
      <class name="pckg_03_10_2025.Response_2">
        <test-method signature="Response200()[pri:0, instance:pckg_03_10_2025.Response_2@661972b0]" started-at="2025-10-03T07:19:49 IST" name="Response200" finished-at="2025-10-03T07:19:52 IST" duration-ms="2899" status="PASS">
          <reporter-output>
          </reporter-output>
        </test-method> <!-- Response200 -->
      </class> <!-- pckg_03_10_2025.Response_2 -->
    </test> <!-- Default test -->
  </suite> <!-- Default suite -->
</testng-results>
