<?xml version="1.0" encoding="UTF-8"?>
<testng-results ignored="0" total="1" passed="1" failed="0" skipped="0">
  <reporter-output>
  </reporter-output>
  <suite started-at="2025-10-01T23:43:12 IST" name="Default suite" finished-at="2025-10-01T23:43:15 IST" duration-ms="3173">
    <groups>
    </groups>
    <test started-at="2025-10-01T23:43:12 IST" name="Default test" finished-at="2025-10-01T23:43:15 IST" duration-ms="3173">
      <class name="Pckg_01_10_2025_2.GetResponseQuick">
        <test-method signature="GetResponseQuick()[pri:0, instance:Pckg_01_10_2025_2.GetResponseQuick@661972b0]" started-at="2025-10-01T23:43:12 IST" name="GetResponseQuick" finished-at="2025-10-01T23:43:15 IST" duration-ms="3120" status="PASS">
          <reporter-output>
          </reporter-output>
        </test-method> <!-- GetResponseQuick -->
      </class> <!-- Pckg_01_10_2025_2.GetResponseQuick -->
    </test> <!-- Default test -->
  </suite> <!-- Default suite -->
</testng-results>
