<?xml version="1.0" encoding="UTF-8"?>
<testng-results ignored="0" total="1" passed="1" failed="0" skipped="0">
  <reporter-output>
  </reporter-output>
  <suite started-at="2025-10-12T22:55:25 IST" name="Default suite" finished-at="2025-10-12T22:55:28 IST" duration-ms="3097">
    <groups>
    </groups>
    <test started-at="2025-10-12T22:55:25 IST" name="Default test" finished-at="2025-10-12T22:55:28 IST" duration-ms="3097">
      <class name="Response200_12_10_2025.Class3">
        <test-method signature="get200()[pri:0, instance:Response200_12_10_2025.Class3@73a1e9a9]" started-at="2025-10-12T22:55:25 IST" name="get200" finished-at="2025-10-12T22:55:28 IST" duration-ms="3050" status="PASS">
          <reporter-output>
          </reporter-output>
        </test-method> <!-- get200 -->
      </class> <!-- Response200_12_10_2025.Class3 -->
    </test> <!-- Default test -->
  </suite> <!-- Default suite -->
</testng-results>
