<?xml version="1.0" encoding="UTF-8"?>
<testng-results ignored="0" total="1" passed="1" failed="0" skipped="0">
  <reporter-output>
  </reporter-output>
  <suite started-at="2025-10-05T12:35:23 IST" name="Default suite" finished-at="2025-10-05T12:35:25 IST" duration-ms="1902">
    <groups>
    </groups>
    <test started-at="2025-10-05T12:35:23 IST" name="Default test" finished-at="2025-10-05T12:35:25 IST" duration-ms="1902">
      <class name="Pckg_05_10_2025.GetResponse_2">
        <test-method signature="GetResponse200Code()[pri:0, instance:Pckg_05_10_2025.GetResponse_2@661972b0]" started-at="2025-10-05T12:35:23 IST" name="GetResponse200Code" finished-at="2025-10-05T12:35:25 IST" duration-ms="1872" status="PASS">
          <reporter-output>
          </reporter-output>
        </test-method> <!-- GetResponse200Code -->
      </class> <!-- Pckg_05_10_2025.GetResponse_2 -->
    </test> <!-- Default test -->
  </suite> <!-- Default suite -->
</testng-results>
