<?xml version="1.0" encoding="UTF-8"?>
<testng-results ignored="0" total="1" passed="1" failed="0" skipped="0">
  <reporter-output>
  </reporter-output>
  <suite started-at="2025-10-10T06:39:24 IST" name="Default suite" finished-at="2025-10-10T06:39:27 IST" duration-ms="3050">
    <groups>
    </groups>
    <test started-at="2025-10-10T06:39:24 IST" name="Default test" finished-at="2025-10-10T06:39:27 IST" duration-ms="3050">
      <class name="pckg_Response_10_10_2025.Response_200_1">
        <test-method signature="GetResponse()[pri:0, instance:pckg_Response_10_10_2025.Response_200_1@73a1e9a9]" started-at="2025-10-10T06:39:24 IST" name="GetResponse" finished-at="2025-10-10T06:39:27 IST" duration-ms="3004" status="PASS">
          <reporter-output>
          </reporter-output>
        </test-method> <!-- GetResponse -->
      </class> <!-- pckg_Response_10_10_2025.Response_200_1 -->
    </test> <!-- Default test -->
  </suite> <!-- Default suite -->
</testng-results>
