<?xml version="1.0" encoding="UTF-8"?>
<testng-results ignored="0" total="2" passed="2" failed="0" skipped="0">
  <reporter-output>
  </reporter-output>
  <suite started-at="2025-09-29T23:01:48 IST" name="Suite" finished-at="2025-09-29T23:01:51 IST" duration-ms="2584">
    <groups>
    </groups>
    <test started-at="2025-09-29T23:01:48 IST" name="Test" finished-at="2025-09-29T23:01:51 IST" duration-ms="2584">
      <class name="API_Response.API_200_Code_1">
        <test-method signature="GetResponse_200()[pri:0, instance:API_Response.API_200_Code_1@4466af20]" started-at="2025-09-29T23:01:50 IST" name="GetResponse_200" finished-at="2025-09-29T23:01:51 IST" duration-ms="256" status="PASS">
          <reporter-output>
          </reporter-output>
        </test-method> <!-- GetResponse_200 -->
      </class> <!-- API_Response.API_200_Code_1 -->
      <class name="API_Response.APICode200_2">
        <test-method signature="Response200()[pri:0, instance:API_Response.APICode200_2@323b36e0]" started-at="2025-09-29T23:01:48 IST" name="Response200" finished-at="2025-09-29T23:01:50 IST" duration-ms="2279" status="PASS">
          <reporter-output>
          </reporter-output>
        </test-method> <!-- Response200 -->
      </class> <!-- API_Response.APICode200_2 -->
    </test> <!-- Test -->
  </suite> <!-- Suite -->
</testng-results>
