<?xml version="1.0" encoding="UTF-8"?>
<testng-results ignored="0" total="1" passed="1" failed="0" skipped="0">
  <reporter-output>
  </reporter-output>
  <suite started-at="2025-10-08T07:51:02 IST" name="Default suite" finished-at="2025-10-08T07:51:05 IST" duration-ms="3030">
    <groups>
    </groups>
    <test started-at="2025-10-08T07:51:02 IST" name="Default test" finished-at="2025-10-08T07:51:05 IST" duration-ms="3030">
      <class name="Pckg_08_10_2025.Response_2">
        <test-method signature="GetCode200()[pri:0, instance:Pckg_08_10_2025.Response_2@73a1e9a9]" started-at="2025-10-08T07:51:02 IST" name="GetCode200" finished-at="2025-10-08T07:51:05 IST" duration-ms="2980" status="PASS">
          <reporter-output>
          </reporter-output>
        </test-method> <!-- GetCode200 -->
      </class> <!-- Pckg_08_10_2025.Response_2 -->
    </test> <!-- Default test -->
  </suite> <!-- Default suite -->
</testng-results>
