<?xml version="1.0" encoding="UTF-8"?>
<testng-results ignored="0" total="1" passed="1" failed="0" skipped="0">
  <reporter-output>
  </reporter-output>
  <suite started-at="2025-10-13T09:14:41 IST" name="Default suite" finished-at="2025-10-13T09:14:43 IST" duration-ms="1550">
    <groups>
    </groups>
    <test started-at="2025-10-13T09:14:41 IST" name="Default test" finished-at="2025-10-13T09:14:43 IST" duration-ms="1550">
      <class name="Pckg_13_10_2025.Response_5">
        <test-method signature="get200()[pri:0, instance:Pckg_13_10_2025.Response_5@34123d65]" started-at="2025-10-13T09:14:41 IST" name="get200" finished-at="2025-10-13T09:14:43 IST" duration-ms="1522" status="PASS">
          <reporter-output>
          </reporter-output>
        </test-method> <!-- get200 -->
      </class> <!-- Pckg_13_10_2025.Response_5 -->
    </test> <!-- Default test -->
  </suite> <!-- Default suite -->
</testng-results>
