<?xml version="1.0" encoding="UTF-8"?>
<testng-results ignored="0" total="1" passed="1" failed="0" skipped="0">
  <reporter-output>
  </reporter-output>
  <suite started-at="2025-09-28T19:21:36 IST" name="Default suite" finished-at="2025-09-28T19:21:40 IST" duration-ms="3981">
    <groups>
    </groups>
    <test started-at="2025-09-28T19:21:36 IST" name="Default test" finished-at="2025-09-28T19:21:40 IST" duration-ms="3981">
      <class name="pckg3.API_3">
        <test-method signature="ResponseCode200()[pri:0, instance:pckg3.API_3@661972b0]" started-at="2025-09-28T19:21:36 IST" name="ResponseCode200" finished-at="2025-09-28T19:21:40 IST" duration-ms="3923" status="PASS">
          <reporter-output>
          </reporter-output>
        </test-method> <!-- ResponseCode200 -->
      </class> <!-- pckg3.API_3 -->
    </test> <!-- Default test -->
  </suite> <!-- Default suite -->
</testng-results>
