<?xml version="1.0" encoding="UTF-8"?>
<testng-results ignored="0" total="1" passed="1" failed="0" skipped="0">
  <reporter-output>
  </reporter-output>
  <suite started-at="2025-09-30T14:45:02 IST" name="Default suite" finished-at="2025-09-30T14:45:04 IST" duration-ms="2654">
    <groups>
    </groups>
    <test started-at="2025-09-30T14:45:02 IST" name="Default test" finished-at="2025-09-30T14:45:04 IST" duration-ms="2654">
      <class name="Pckg_200.Api_Response_2">
        <test-method signature="GetApiResponse()[pri:0, instance:Pckg_200.Api_Response_2@661972b0]" started-at="2025-09-30T14:45:02 IST" name="GetApiResponse" finished-at="2025-09-30T14:45:04 IST" duration-ms="2618" status="PASS">
          <reporter-output>
          </reporter-output>
        </test-method> <!-- GetApiResponse -->
      </class> <!-- Pckg_200.Api_Response_2 -->
    </test> <!-- Default test -->
  </suite> <!-- Default suite -->
</testng-results>
