<?xml version="1.0" encoding="UTF-8"?>
<testng-results ignored="0" total="1" passed="1" failed="0" skipped="0">
  <reporter-output>
  </reporter-output>
  <suite started-at="2025-10-02T07:44:11 IST" name="Default suite" finished-at="2025-10-02T07:44:13 IST" duration-ms="1904">
    <groups>
    </groups>
    <test started-at="2025-10-02T07:44:11 IST" name="Default test" finished-at="2025-10-02T07:44:13 IST" duration-ms="1904">
      <class name="API_Package_02_10_2025.Api_Response_200_3">
        <test-method signature="ResponseCode200()[pri:0, instance:API_Package_02_10_2025.Api_Response_200_3@661972b0]" started-at="2025-10-02T07:44:11 IST" name="ResponseCode200" finished-at="2025-10-02T07:44:13 IST" duration-ms="1872" status="PASS">
          <reporter-output>
          </reporter-output>
        </test-method> <!-- ResponseCode200 -->
      </class> <!-- API_Package_02_10_2025.Api_Response_200_3 -->
    </test> <!-- Default test -->
  </suite> <!-- Default suite -->
</testng-results>
