<?xml version="1.0" encoding="UTF-8"?>
<testng-results ignored="0" total="1" passed="1" failed="0" skipped="0">
  <reporter-output>
  </reporter-output>
  <suite started-at="2025-10-13T07:16:18 IST" name="Default suite" finished-at="2025-10-13T07:16:22 IST" duration-ms="3955">
    <groups>
    </groups>
    <test started-at="2025-10-13T07:16:18 IST" name="Default test" finished-at="2025-10-13T07:16:22 IST" duration-ms="3955">
      <class name="Pckg_13_10_2025.Response_200_3">
        <test-method signature="Gett200()[pri:0, instance:Pckg_13_10_2025.Response_200_3@34123d65]" started-at="2025-10-13T07:16:18 IST" name="Gett200" finished-at="2025-10-13T07:16:22 IST" duration-ms="3889" status="PASS">
          <reporter-output>
          </reporter-output>
        </test-method> <!-- Gett200 -->
      </class> <!-- Pckg_13_10_2025.Response_200_3 -->
    </test> <!-- Default test -->
  </suite> <!-- Default suite -->
</testng-results>
