<?xml version="1.0" encoding="UTF-8"?>
<testng-results ignored="0" total="1" passed="1" failed="0" skipped="0">
  <reporter-output>
  </reporter-output>
  <suite started-at="2025-10-02T07:22:22 IST" name="Default suite" finished-at="2025-10-02T07:22:24 IST" duration-ms="1944">
    <groups>
    </groups>
    <test started-at="2025-10-02T07:22:22 IST" name="Default test" finished-at="2025-10-02T07:22:24 IST" duration-ms="1944">
      <class name="API_Package_02_10_2025.API_Response_Class_2">
        <test-method signature="GetResponse()[pri:0, instance:API_Package_02_10_2025.API_Response_Class_2@661972b0]" started-at="2025-10-02T07:22:22 IST" name="GetResponse" finished-at="2025-10-02T07:22:24 IST" duration-ms="1913" status="PASS">
          <reporter-output>
          </reporter-output>
        </test-method> <!-- GetResponse -->
      </class> <!-- API_Package_02_10_2025.API_Response_Class_2 -->
    </test> <!-- Default test -->
  </suite> <!-- Default suite -->
</testng-results>
