<?xml version="1.0" encoding="UTF-8"?>
<testng-results ignored="0" total="1" passed="1" failed="0" skipped="0">
  <reporter-output>
  </reporter-output>
  <suite started-at="2025-10-03T07:08:33 IST" name="Default suite" finished-at="2025-10-03T07:08:36 IST" duration-ms="2981">
    <groups>
    </groups>
    <test started-at="2025-10-03T07:08:33 IST" name="Default test" finished-at="2025-10-03T07:08:36 IST" duration-ms="2981">
      <class name="pckg_03_10_2025.Response_1">
        <test-method signature="Response200Code()[pri:0, instance:pckg_03_10_2025.Response_1@661972b0]" started-at="2025-10-03T07:08:33 IST" name="Response200Code" finished-at="2025-10-03T07:08:36 IST" duration-ms="2928" status="PASS">
          <reporter-output>
          </reporter-output>
        </test-method> <!-- Response200Code -->
      </class> <!-- pckg_03_10_2025.Response_1 -->
    </test> <!-- Default test -->
  </suite> <!-- Default suite -->
</testng-results>
