<?xml version="1.0" encoding="UTF-8"?>
<testng-results ignored="0" total="1" passed="1" failed="0" skipped="0">
  <reporter-output>
  </reporter-output>
  <suite started-at="2025-10-02T23:46:49 IST" name="Default suite" finished-at="2025-10-02T23:46:52 IST" duration-ms="3114">
    <groups>
    </groups>
    <test started-at="2025-10-02T23:46:49 IST" name="Default test" finished-at="2025-10-02T23:46:52 IST" duration-ms="3114">
      <class name="pckg_4_200Response.Response_200">
        <test-method signature="Response200()[pri:0, instance:pckg_4_200Response.Response_200@661972b0]" started-at="2025-10-02T23:46:49 IST" name="Response200" finished-at="2025-10-02T23:46:52 IST" duration-ms="3060" status="PASS">
          <reporter-output>
          </reporter-output>
        </test-method> <!-- Response200 -->
      </class> <!-- pckg_4_200Response.Response_200 -->
    </test> <!-- Default test -->
  </suite> <!-- Default suite -->
</testng-results>
