<?xml version="1.0" encoding="UTF-8"?>
<testng-results ignored="0" total="1" passed="1" failed="0" skipped="0">
  <reporter-output>
  </reporter-output>
  <suite started-at="2025-10-02T23:33:30 IST" name="Default suite" finished-at="2025-10-02T23:33:33 IST" duration-ms="3509">
    <groups>
    </groups>
    <test started-at="2025-10-02T23:33:30 IST" name="Default test" finished-at="2025-10-02T23:33:33 IST" duration-ms="3509">
      <class name="pckg_4_200Response.Response_200_1">
        <test-method signature="ResponseCode()[pri:0, instance:pckg_4_200Response.Response_200_1@661972b0]" started-at="2025-10-02T23:33:30 IST" name="ResponseCode" finished-at="2025-10-02T23:33:33 IST" duration-ms="3456" status="PASS">
          <reporter-output>
          </reporter-output>
        </test-method> <!-- ResponseCode -->
      </class> <!-- pckg_4_200Response.Response_200_1 -->
    </test> <!-- Default test -->
  </suite> <!-- Default suite -->
</testng-results>
