<?xml version="1.0" encoding="UTF-8"?>
<testng-results ignored="0" total="2" passed="2" failed="0" skipped="0">
  <reporter-output>
  </reporter-output>
  <suite started-at="2025-09-30T13:58:43 IST" name="Suite" finished-at="2025-09-30T13:58:46 IST" duration-ms="3095">
    <groups>
    </groups>
    <test started-at="2025-09-30T13:58:43 IST" name="Test" finished-at="2025-09-30T13:58:46 IST" duration-ms="3095">
      <class name="pckg30_09.GetResponse_Class_2">
        <test-method signature="GetResponse200()[pri:0, instance:pckg30_09.GetResponse_Class_2@5af3afd9]" started-at="2025-09-30T13:58:43 IST" name="GetResponse200" finished-at="2025-09-30T13:58:45 IST" duration-ms="2464" status="PASS">
          <reporter-output>
          </reporter-output>
        </test-method> <!-- GetResponse200 -->
      </class> <!-- pckg30_09.GetResponse_Class_2 -->
      <class name="pckg30_09.GetResponse_Class_1">
        <test-method signature="GetResponse200()[pri:0, instance:pckg30_09.GetResponse_Class_1@4f6ee6e4]" started-at="2025-09-30T13:58:45 IST" name="GetResponse200" finished-at="2025-09-30T13:58:46 IST" duration-ms="594" status="PASS">
          <reporter-output>
          </reporter-output>
        </test-method> <!-- GetResponse200 -->
      </class> <!-- pckg30_09.GetResponse_Class_1 -->
    </test> <!-- Test -->
  </suite> <!-- Suite -->
</testng-results>
