<?xml version="1.0" encoding="UTF-8"?>
<testng-results ignored="0" total="1" passed="1" failed="0" skipped="0">
  <reporter-output>
  </reporter-output>
  <suite started-at="2025-10-06T11:19:54 IST" name="Default suite" finished-at="2025-10-06T11:19:57 IST" duration-ms="3086">
    <groups>
    </groups>
    <test started-at="2025-10-06T11:19:54 IST" name="Default test" finished-at="2025-10-06T11:19:57 IST" duration-ms="3086">
      <class name="NewResponse_06_10_2025.Responce_4">
        <test-method signature="Response200()[pri:0, instance:NewResponse_06_10_2025.Responce_4@73a1e9a9]" started-at="2025-10-06T11:19:54 IST" name="Response200" finished-at="2025-10-06T11:19:57 IST" duration-ms="3035" status="PASS">
          <reporter-output>
          </reporter-output>
        </test-method> <!-- Response200 -->
      </class> <!-- NewResponse_06_10_2025.Responce_4 -->
    </test> <!-- Default test -->
  </suite> <!-- Default suite -->
</testng-results>
